<?xml version="1.0" encoding="UTF-8"?>
<testng-results ignored="0" total="1" passed="1" failed="0" skipped="0">
  <reporter-output>
  </reporter-output>
  <suite started-at="2023-12-10T21:12:26 GMT-05:00" name="Default suite" finished-at="2023-12-10T21:12:46 GMT-05:00" duration-ms="19854">
    <groups>
    </groups>
    <test started-at="2023-12-10T21:12:26 GMT-05:00" name="Default test" finished-at="2023-12-10T21:12:46 GMT-05:00" duration-ms="19854">
      <class name="Module1_Login_Test.SwagLabLoginTest">
        <test-method is-config="true" signature="OpenBrowser()[pri:0, instance:Module1_Login_Test.SwagLabLoginTest@13c9d689]" started-at="2023-12-10T21:12:26 GMT-05:00" name="OpenBrowser" finished-at="2023-12-10T21:12:32 GMT-05:00" duration-ms="5601" status="PASS">
          <reporter-output>
          </reporter-output>
        </test-method> <!-- OpenBrowser -->
        <test-method is-config="true" signature="LoginToApp()[pri:0, instance:Module1_Login_Test.SwagLabLoginTest@13c9d689]" started-at="2023-12-10T21:12:32 GMT-05:00" name="LoginToApp" finished-at="2023-12-10T21:12:42 GMT-05:00" duration-ms="9603" status="PASS">
          <reporter-output>
          </reporter-output>
        </test-method> <!-- LoginToApp -->
        <test-method signature="TC1()[pri:0, instance:Module1_Login_Test.SwagLabLoginTest@13c9d689]" started-at="2023-12-10T21:12:42 GMT-05:00" name="TC1" finished-at="2023-12-10T21:12:42 GMT-05:00" duration-ms="216" status="PASS">
          <reporter-output>
          </reporter-output>
        </test-method> <!-- TC1 -->
        <test-method is-config="true" signature="LogOutApp(org.testng.ITestResult)[pri:0, instance:Module1_Login_Test.SwagLabLoginTest@13c9d689]" started-at="2023-12-10T21:12:42 GMT-05:00" name="LogOutApp" finished-at="2023-12-10T21:12:46 GMT-05:00" duration-ms="4251" status="PASS">
          <params>
            <param index="0">
              <value>
                <![CDATA[[TestResult name=TC1 status=SUCCESS method=SwagLabLoginTest.TC1()[pri:0, instance:Module1_Login_Test.SwagLabLoginTest@13c9d689] output={null}]]]>
              </value>
            </param>
          </params>
          <reporter-output>
          </reporter-output>
        </test-method> <!-- LogOutApp -->
      </class> <!-- Module1_Login_Test.SwagLabLoginTest -->
    </test> <!-- Default test -->
  </suite> <!-- Default suite -->
</testng-results>
